# JRE version: OpenJDK Runtime Environment (8.0_112-b06) (build 1.8.0_112-release-b06)
# Java VM: OpenJDK 64-Bit Server VM (25.112-b06 mixed mode windows-amd64 compressed oops)
Heap:
 PSYoungGen      total 388608K, used 106340K [0x00000000e0000000, 0x00000000ff500000, 0x0000000100000000)
  eden space 362496K, 28% used [0x00000000e0000000,0x00000000e647ad90,0x00000000f6200000)
  from space 26112K, 13% used [0x00000000f6200000,0x00000000f655e490,0x00000000f7b80000)
  to   space 26112K, 0% used [0x00000000fdb80000,0x00000000fdb80000,0x00000000ff500000)
 ParOldGen       total 94208K, used 66897K [0x00000000a0000000, 0x00000000a5c00000, 0x00000000e0000000)
  object space 94208K, 71% used [0x00000000a0000000,0x00000000a4154468,0x00000000a5c00000)
 Metaspace       used 73227K, capacity 76292K, committed 76504K, reserved 1116160K
  class space    used 9549K, capacity 10165K, committed 10240K, reserved 1048576K
GC Heap History (10 events):
Event: 47.263 GC heap before
{Heap before GC invocations=12 (full 2):
 PSYoungGen      total 221184K, used 96383K [0x00000000e0000000, 0x00000000f4000000, 0x0000000100000000)
  eden space 206336K, 39% used [0x00000000e0000000,0x00000000e4fa7338,0x00000000ec980000)
  from space 14848K, 99% used [0x00000000ec980000,0x00000000ed7f8c90,0x00000000ed800000)
  to   space 22528K, 0% used [0x00000000f2a00000,0x00000000f2a00000,0x00000000f4000000)
 ParOldGen       total 51200K, used 31631K [0x00000000a0000000, 0x00000000a3200000, 0x00000000e0000000)
  object space 51200K, 61% used [0x00000000a0000000,0x00000000a1ee3f40,0x00000000a3200000)
 Metaspace       used 56520K, capacity 58766K, committed 58968K, reserved 1099776K
  class space    used 7704K, capacity 8208K, committed 8320K, reserved 1048576K
Event: 47.299 GC heap after
Heap after GC invocations=12 (full 2):
 PSYoungGen      total 302080K, used 21127K [0x00000000e0000000, 0x00000000f4f80000, 0x0000000100000000)
  eden space 279552K, 0% used [0x00000000e0000000,0x00000000e0000000,0x00000000f1100000)
  from space 22528K, 93% used [0x00000000f2a00000,0x00000000f3ea1cb8,0x00000000f4000000)
  to   space 25600K, 0% used [0x00000000f1100000,0x00000000f1100000,0x00000000f2a00000)
 ParOldGen       total 51200K, used 37355K [0x00000000a0000000, 0x00000000a3200000, 0x00000000e0000000)
  object space 51200K, 72% used [0x00000000a0000000,0x00000000a247aec8,0x00000000a3200000)
 Metaspace       used 56520K, capacity 58766K, committed 58968K, reserved 1099776K
  class space    used 7704K, capacity 8208K, committed 8320K, reserved 1048576K
}
Event: 47.300 GC heap before
{Heap before GC invocations=13 (full 3):
 PSYoungGen      total 302080K, used 21127K [0x00000000e0000000, 0x00000000f4f80000, 0x0000000100000000)
  eden space 279552K, 0% used [0x00000000e0000000,0x00000000e0000000,0x00000000f1100000)
  from space 22528K, 93% used [0x00000000f2a00000,0x00000000f3ea1cb8,0x00000000f4000000)
  to   space 25600K, 0% used [0x00000000f1100000,0x00000000f1100000,0x00000000f2a00000)
 ParOldGen       total 51200K, used 37355K [0x00000000a0000000, 0x00000000a3200000, 0x00000000e0000000)
  object space 51200K, 72% used [0x00000000a0000000,0x00000000a247aec8,0x00000000a3200000)
 Metaspace       used 56520K, capacity 58766K, committed 58968K, reserved 1099776K
  class space    used 7704K, capacity 8208K, committed 8320K, reserved 1048576K
Event: 47.564 GC heap after
Heap after GC invocations=13 (full 3):
 PSYoungGen      total 302080K, used 592K [0x00000000e0000000, 0x00000000f4f80000, 0x0000000100000000)
  eden space 279552K, 0% used [0x00000000e0000000,0x00000000e0000000,0x00000000f1100000)
  from space 22528K, 2% used [0x00000000f2a00000,0x00000000f2a94238,0x00000000f4000000)
  to   space 25600K, 0% used [0x00000000f1100000,0x00000000f1100000,0x00000000f2a00000)
 ParOldGen       total 94208K, used 51198K [0x00000000a0000000, 0x00000000a5c00000, 0x00000000e0000000)
  object space 94208K, 54% used [0x00000000a0000000,0x00000000a31ffb80,0x00000000a5c00000)
 Metaspace       used 56520K, capacity 58766K, committed 58968K, reserved 1099776K
  class space    used 7704K, capacity 8208K, committed 8320K, reserved 1048576K
}
Event: 457.622 GC heap before
{Heap before GC invocations=14 (full 3):
 PSYoungGen      total 302080K, used 280144K [0x00000000e0000000, 0x00000000f4f80000, 0x0000000100000000)
  eden space 279552K, 100% used [0x00000000e0000000,0x00000000f1100000,0x00000000f1100000)
  from space 22528K, 2% used [0x00000000f2a00000,0x00000000f2a94238,0x00000000f4000000)
  to   space 25600K, 0% used [0x00000000f1100000,0x00000000f1100000,0x00000000f2a00000)
 ParOldGen       total 94208K, used 51198K [0x00000000a0000000, 0x00000000a5c00000, 0x00000000e0000000)
  object space 94208K, 54% used [0x00000000a0000000,0x00000000a31ffb80,0x00000000a5c00000)
 Metaspace       used 64059K, capacity 66778K, committed 66904K, reserved 1107968K
  class space    used 8657K, capacity 9234K, committed 9344K, reserved 1048576K
Event: 457.654 GC heap after
Heap after GC invocations=14 (full 3):
 PSYoungGen      total 305152K, used 10201K [0x00000000e0000000, 0x00000000f9980000, 0x0000000100000000)
  eden space 279552K, 0% used [0x00000000e0000000,0x00000000e0000000,0x00000000f1100000)
  from space 25600K, 39% used [0x00000000f1100000,0x00000000f1af67a8,0x00000000f2a00000)
  to   space 24064K, 0% used [0x00000000f8200000,0x00000000f8200000,0x00000000f9980000)
 ParOldGen       total 94208K, used 51799K [0x00000000a0000000, 0x00000000a5c00000, 0x00000000e0000000)
  object space 94208K, 54% used [0x00000000a0000000,0x00000000a3295fd0,0x00000000a5c00000)
 Metaspace       used 64059K, capacity 66778K, committed 66904K, reserved 1107968K
  class space    used 8657K, capacity 9234K, committed 9344K, reserved 1048576K
}
Event: 467.426 GC heap before
{Heap before GC invocations=15 (full 3):
 PSYoungGen      total 305152K, used 289753K [0x00000000e0000000, 0x00000000f9980000, 0x0000000100000000)
  eden space 279552K, 100% used [0x00000000e0000000,0x00000000f1100000,0x00000000f1100000)
  from space 25600K, 39% used [0x00000000f1100000,0x00000000f1af67a8,0x00000000f2a00000)
  to   space 24064K, 0% used [0x00000000f8200000,0x00000000f8200000,0x00000000f9980000)
 ParOldGen       total 94208K, used 51799K [0x00000000a0000000, 0x00000000a5c00000, 0x00000000e0000000)
  object space 94208K, 54% used [0x00000000a0000000,0x00000000a3295fd0,0x00000000a5c00000)
 Metaspace       used 71687K, capacity 74576K, committed 74712K, reserved 1114112K
  class space    used 9384K, capacity 9963K, committed 9984K, reserved 1048576K
Event: 467.456 GC heap after
Heap after GC invocations=15 (full 3):
 PSYoungGen      total 381952K, used 19056K [0x00000000e0000000, 0x00000000f9500000, 0x0000000100000000)
  eden space 362496K, 0% used [0x00000000e0000000,0x00000000e0000000,0x00000000f6200000)
  from space 19456K, 97% used [0x00000000f8200000,0x00000000f949c118,0x00000000f9500000)
  to   space 26112K, 0% used [0x00000000f6200000,0x00000000f6200000,0x00000000f7b80000)
 ParOldGen       total 94208K, used 58948K [0x00000000a0000000, 0x00000000a5c00000, 0x00000000e0000000)
  object space 94208K, 62% used [0x00000000a0000000,0x00000000a39913b8,0x00000000a5c00000)
 Metaspace       used 71687K, capacity 74576K, committed 74712K, reserved 1114112K
  class space    used 9384K, capacity 9963K, committed 9984K, reserved 1048576K
}
Event: 471.198 GC heap before
{Heap before GC invocations=16 (full 3):
 PSYoungGen      total 381952K, used 381246K [0x00000000e0000000, 0x00000000f9500000, 0x0000000100000000)
  eden space 362496K, 99% used [0x00000000e0000000,0x00000000f61b3a30,0x00000000f6200000)
  from space 19456K, 97% used [0x00000000f8200000,0x00000000f949c118,0x00000000f9500000)
  to   space 26112K, 0% used [0x00000000f6200000,0x00000000f6200000,0x00000000f7b80000)
 ParOldGen       total 94208K, used 58948K [0x00000000a0000000, 0x00000000a5c00000, 0x00000000e0000000)
  object space 94208K, 62% used [0x00000000a0000000,0x00000000a39913b8,0x00000000a5c00000)
 Metaspace       used 72784K, capacity 75714K, committed 75992K, reserved 1116160K
  class space    used 9514K, capacity 10140K, committed 10240K, reserved 1048576K
Event: 471.213 GC heap after
Heap after GC invocations=16 (full 3):
 PSYoungGen      total 388608K, used 3449K [0x00000000e0000000, 0x00000000ff500000, 0x0000000100000000)
  eden space 362496K, 0% used [0x00000000e0000000,0x00000000e0000000,0x00000000f6200000)
  from space 26112K, 13% used [0x00000000f6200000,0x00000000f655e490,0x00000000f7b80000)
  to   space 26112K, 0% used [0x00000000fdb80000,0x00000000fdb80000,0x00000000ff500000)
 ParOldGen       total 94208K, used 66897K [0x00000000a0000000, 0x00000000a5c00000, 0x00000000e0000000)
  object space 94208K, 71% used [0x00000000a0000000,0x00000000a4154468,0x00000000a5c00000)
 Metaspace       used 72784K, capacity 75714K, committed 75992K, reserved 1116160K
  class space    used 9514K, capacity 10140K, committed 10240K, reserved 1048576K
}

